<?xml version="1.0" encoding="UTF-8"?>
<testng-results ignored="0" total="1" passed="1" failed="0" skipped="0">
  <reporter-output>
  </reporter-output>
  <suite started-at="2024-08-06T07:10:06Z" name="Default suite" finished-at="2024-08-06T07:10:12Z" duration-ms="5906">
    <groups>
    </groups>
    <test started-at="2024-08-06T07:10:06Z" name="Default test" finished-at="2024-08-06T07:10:12Z" duration-ms="5906">
      <class name="ImageConvert.ImageToJsonTestVideo">
        <test-method signature="testExtractedTextFromFrame()[pri:0, instance:ImageConvert.ImageToJsonTestVideo@147e2ae7]" started-at="2024-08-06T07:10:06Z" name="testExtractedTextFromFrame" finished-at="2024-08-06T07:10:12Z" duration-ms="5844" status="PASS">
          <reporter-output>
          </reporter-output>
        </test-method> <!-- testExtractedTextFromFrame -->
      </class> <!-- ImageConvert.ImageToJsonTestVideo -->
    </test> <!-- Default test -->
  </suite> <!-- Default suite -->
</testng-results>
